{
  "RSpec": {
    "coverage": {
      "/home/joe/Joe/XuetangProject/app/helpers/application_helper.rb": [
        1,
        null
      ],
      "/home/joe/Joe/XuetangProject/app/helpers/articles_helper.rb": [
        1,
        null
      ],
      "/home/joe/Joe/XuetangProject/app/helpers/categories_helper.rb": [
        1,
        null
      ],
      "/home/joe/Joe/XuetangProject/app/helpers/users_helper.rb": [
        1,
        null
      ],
      "/home/joe/Joe/XuetangProject/app/controllers/articles_controller.rb": [
        1,
        1,
        null,
        null,
        null,
        1,
        0,
        null,
        null,
        null,
        null,
        1,
        null,
        null,
        null,
        1,
        0,
        null,
        null,
        null,
        1,
        null,
        null,
        null,
        null,
        1,
        0,
        null,
        0,
        0,
        0,
        0,
        null,
        0,
        0,
        null,
        null,
        null,
        null,
        null,
        null,
        1,
        0,
        0,
        0,
        0,
        null,
        0,
        0,
        null,
        null,
        null,
        null,
        null,
        null,
        1,
        0,
        0,
        0,
        0,
        null,
        null,
        null,
        1,
        null,
        1,
        2,
        null,
        null,
        null,
        1,
        0,
        null,
        null
      ],
      "/home/joe/Joe/XuetangProject/app/controllers/application_controller.rb": [
        1,
        null,
        null,
        1,
        null
      ],
      "/home/joe/Joe/XuetangProject/app/controllers/categories_controller.rb": [
        1,
        1,
        null,
        null,
        null,
        1,
        2,
        null,
        null,
        null,
        null,
        1,
        null,
        null,
        null,
        1,
        0,
        null,
        null,
        null,
        1,
        null,
        null,
        null,
        null,
        1,
        0,
        null,
        0,
        0,
        0,
        0,
        null,
        0,
        0,
        null,
        null,
        null,
        null,
        null,
        null,
        1,
        0,
        0,
        0,
        0,
        null,
        0,
        0,
        null,
        null,
        null,
        null,
        null,
        null,
        1,
        0,
        0,
        0,
        0,
        null,
        null,
        null,
        1,
        null,
        1,
        5,
        null,
        null,
        null,
        1,
        0,
        null,
        null
      ],
      "/home/joe/Joe/XuetangProject/app/controllers/users_controller.rb": [
        1,
        1,
        null,
        null,
        null,
        1,
        1,
        null,
        null,
        null,
        null,
        1,
        null,
        null,
        null,
        1,
        1,
        null,
        null,
        null,
        1,
        null,
        null,
        null,
        null,
        1,
        0,
        null,
        0,
        0,
        0,
        0,
        null,
        0,
        0,
        null,
        null,
        null,
        null,
        null,
        null,
        1,
        0,
        0,
        0,
        0,
        null,
        0,
        0,
        null,
        null,
        null,
        null,
        null,
        null,
        1,
        0,
        0,
        0,
        0,
        null,
        null,
        null,
        1,
        null,
        1,
        0,
        null,
        null,
        null,
        1,
        0,
        null,
        null
      ],
      "/home/joe/Joe/XuetangProject/app/models/user.rb": [
        1,
        1,
        null
      ],
      "/home/joe/Joe/XuetangProject/app/models/category.rb": [
        1,
        1,
        1,
        1,
        null
      ],
      "/home/joe/Joe/XuetangProject/app/models/article.rb": [
        1,
        1,
        1,
        null
      ]
    },
    "timestamp": 1404135090
  }
}
